<?xml version="1.0" encoding="UTF-8"?>
<testsuite name="http.response.HttpResponseTest" tests="2" skipped="0" failures="0" errors="0" timestamp="2023-03-19T06:23:30" hostname="gimjeong-uui-MacBookAir.local" time="0.02">
  <properties/>
  <testcase name="responseForward()" classname="http.response.HttpResponseTest" time="0.019"/>
  <testcase name="responseRedirect()" classname="http.response.HttpResponseTest" time="0.0"/>
  <system-out><![CDATA[]]></system-out>
  <system-err><![CDATA[]]></system-err>
</testsuite>
