<?xml version="1.0" encoding="UTF-8"?>
<testsuite name="http.request.HttpRequestTest" tests="2" skipped="0" failures="0" errors="0" timestamp="2023-03-19T05:29:32" hostname="gimjeong-uui-MacBookAir.local" time="0.012">
  <properties/>
  <testcase name="HTTP_GET_Query()" classname="http.request.HttpRequestTest" time="0.011"/>
  <testcase name="HTTP_POST_Query()" classname="http.request.HttpRequestTest" time="0.001"/>
  <system-out><![CDATA[
userId=jw&password=password&name=jungwoo
]]></system-out>
  <system-err><![CDATA[]]></system-err>
</testsuite>
