<?xml version="1.0" encoding="UTF-8"?>
<testsuite name="http.util.HttpRequestUtilsTest" tests="2" skipped="0" failures="0" errors="0" timestamp="2023-03-16T11:39:02" hostname="gimjeong-uui-MacBookAir.local" time="0.008">
  <properties/>
  <testcase name="parseQuery()" classname="http.util.HttpRequestUtilsTest" time="0.008"/>
  <testcase name="parseQueryMore()" classname="http.util.HttpRequestUtilsTest" time="0.0"/>
  <system-out><![CDATA[]]></system-out>
  <system-err><![CDATA[]]></system-err>
</testsuite>
